<?xml version="1.0" encoding="UTF-8"?>
<robot generator="Robot 4.0.2 (Python 3.7.6 on darwin)" generated="20211020 18:21:01.274" rpa="false" schemaversion="2">
<suite id="s1" name="Tmobile" source="/Users/vanitawashington/PycharmProjects/ExampleRobotTests/tests/tmobile.robot">
<test id="s1-t1" name="Display iPhone Search Results">
<kw name="Open Browser" library="SeleniumLibrary">
<arg>${URL}</arg>
<arg>${Browser}</arg>
<doc>Opens a new browser instance to the optional ``url``.</doc>
<msg timestamp="20211020 18:21:01.452" level="INFO">Opening browser 'chrome' to base url 'https://www.t-mobile.com/'.</msg>
<status status="PASS" starttime="20211020 18:21:01.452" endtime="20211020 18:21:08.240"/>
</kw>
<kw name="Maximize Browser Window" library="SeleniumLibrary">
<doc>Maximizes current browser window.</doc>
<status status="PASS" starttime="20211020 18:21:08.241" endtime="20211020 18:21:08.442"/>
</kw>
<kw name="Click Element" library="SeleniumLibrary">
<arg>css:#acceptCookie</arg>
<doc>Click the element identified by ``locator``.</doc>
<msg timestamp="20211020 18:21:08.443" level="INFO">Clicking element 'css:#acceptCookie'.</msg>
<status status="PASS" starttime="20211020 18:21:08.443" endtime="20211020 18:21:08.831"/>
</kw>
<kw name="Scroll Element Into View" library="SeleniumLibrary">
<arg>//section[@id='4b0362a073164696612ca80d6b8202e9bc82fbc569c259ab2bfaaf4b3ee7071d']</arg>
<doc>Scrolls the element identified by ``locator`` into view.</doc>
<status status="PASS" starttime="20211020 18:21:08.832" endtime="20211020 18:21:09.510"/>
</kw>
<kw name="Element Should Not Be Visible" library="SeleniumLibrary">
<arg>css:#acceptCookie</arg>
<doc>Verifies that the element identified by ``locator`` is NOT visible.</doc>
<msg timestamp="20211020 18:21:09.534" level="INFO">Element 'css:#acceptCookie' exists but is not displayed.</msg>
<status status="PASS" starttime="20211020 18:21:09.511" endtime="20211020 18:21:09.535"/>
</kw>
<kw name="Click Element" library="SeleniumLibrary">
<arg>//span[@class='d-inline show-on-sm-modal ng-star-inserted']</arg>
<doc>Click the element identified by ``locator``.</doc>
<msg timestamp="20211020 18:21:09.535" level="INFO">Clicking element '//span[@class='d-inline show-on-sm-modal ng-star-inserted']'.</msg>
<status status="PASS" starttime="20211020 18:21:09.535" endtime="20211020 18:21:10.371"/>
</kw>
<kw name="Input Text" library="SeleniumLibrary">
<arg>//input[@id='nav_search_input-desktop']</arg>
<arg>${search_word}</arg>
<doc>Types the given ``text`` into the text field identified by ``locator``.</doc>
<msg timestamp="20211020 18:21:10.372" level="INFO">Typing text 'iPhone' into text field '//input[@id='nav_search_input-desktop']'.</msg>
<status status="PASS" starttime="20211020 18:21:10.371" endtime="20211020 18:21:10.607"/>
</kw>
<kw name="Press Keys" library="SeleniumLibrary">
<arg>None</arg>
<arg>ENTER</arg>
<doc>Simulates the user pressing key(s) to an element or on the active browser.</doc>
<msg timestamp="20211020 18:21:10.608" level="INFO">Sending key(s) ('ENTER',) to page.</msg>
<msg timestamp="20211020 18:21:10.608" level="INFO">Pressing special key ENTER to browser.</msg>
<msg timestamp="20211020 18:21:10.608" level="INFO">Releasing special key ENTER.</msg>
<status status="PASS" starttime="20211020 18:21:10.608" endtime="20211020 18:21:10.858"/>
</kw>
<kw name="Wait Until Page Contains" library="SeleniumLibrary">
<arg>Category</arg>
<doc>Waits until ``text`` appears on the current page.</doc>
<status status="PASS" starttime="20211020 18:21:10.858" endtime="20211020 18:21:11.321"/>
</kw>
<kw name="Page Should Contain" library="SeleniumLibrary">
<arg>Relevant to your search</arg>
<doc>Verifies that current page contains ``text``.</doc>
<msg timestamp="20211020 18:21:11.336" level="INFO">Current page contains text 'Relevant to your search'.</msg>
<status status="PASS" starttime="20211020 18:21:11.322" endtime="20211020 18:21:11.336"/>
</kw>
<kw name="Close Browser" library="SeleniumLibrary">
<doc>Closes the current browser.</doc>
<status status="PASS" starttime="20211020 18:21:11.336" endtime="20211020 18:21:11.504"/>
</kw>
<status status="PASS" starttime="20211020 18:21:01.451" endtime="20211020 18:21:11.504"/>
</test>
<doc>Test Demonstration</doc>
<status status="PASS" starttime="20211020 18:21:01.276" endtime="20211020 18:21:11.505"/>
</suite>
<statistics>
<total>
<stat pass="1" fail="0" skip="0">All Tests</stat>
</total>
<tag>
</tag>
<suite>
<stat pass="1" fail="0" skip="0" id="s1" name="Tmobile">Tmobile</stat>
</suite>
</statistics>
<errors>
</errors>
</robot>
